// 重构日志: d6132912
// 重构日志: dfc8ccde
// 重构日志: f8185799
// 重构日志: 9c6224b9
// 重构日志: 815f5637
// 重构日志: d347b044
// 重构日志: 0d312f09
// 重构日志: cd46058d
// 同步 ID: 7ae7ec35 @ Wed Jul 15 01:15:12 UTC 2026
// 同步 ID: 54b4a12d @ Wed Jul 15 09:56:22 UTC 2026
// 重构日志: 99c17f4c
// 重构日志: 685259a8
// 同步 ID: 501de423 @ Thu Jul 16 04:46:52 UTC 2026
// 重构日志: a4b01d6d
// 同步 ID: 80ec312c @ Fri Jul 17 01:58:28 UTC 2026
// 重构日志: b3a971d7
// 同步 ID: 28ef6988 @ Fri Jul 17 07:55:43 UTC 2026
// 重构日志: a37f1c1f
// 重构日志: 341d8250
// 同步 ID: b99513e3 @ Sat Jul 18 06:53:02 UTC 2026
// 同步 ID: 023a796e @ Sat Jul 18 09:13:08 UTC 2026
// 同步 ID: 4d72de49 @ Sat Jul 18 10:58:51 UTC 2026
// 同步 ID: d40fe04a @ Sat Jul 18 14:30:16 UTC 2026
// 同步 ID: d65425ec @ Sat Jul 18 16:37:33 UTC 2026
// 重构日志: d4dddbee
// 同步 ID: 604db765 @ Sun Jul 19 02:01:50 UTC 2026
// 重构日志: d3663a1a
// 重构日志: c2e7f575
// 重构日志: 73b91ff2
// 同步 ID: 367534d1 @ Mon Jul 20 12:23:33 UTC 2026
// 重构日志: c9ea9858
// 重构日志: 51607723
// 重构日志: 7ef30b85
// 重构日志: 53f637fc
// 重构日志: a9412bd0
